2024-10-11 18:34:36,087 andrea-thecoder /home/andrea-thecoder/.sdkman/candidates/java/21.0.4-tem/bin/java[46187] INFO  [io.quarkus] (Quarkus Main Thread) code-with-quarkus 1.0.0-SNAPSHOT on JVM (powered by Quarkus 3.15.1) started in 0.494s. Listening on: http://localhost:8080
2024-10-11 18:34:36,089 andrea-thecoder /home/andrea-thecoder/.sdkman/candidates/java/21.0.4-tem/bin/java[46187] INFO  [io.quarkus] (Quarkus Main Thread) Profile dev activated. Live Coding activated.
2024-10-11 18:34:36,090 andrea-thecoder /home/andrea-thecoder/.sdkman/candidates/java/21.0.4-tem/bin/java[46187] INFO  [io.quarkus] (Quarkus Main Thread) Installed features: [agroal, cdi, hibernate-orm, hibernate-orm-panache, hibernate-validator, jdbc-mysql, jdbc-postgresql, narayana-jta, rest, rest-jackson, security, smallrye-context-propagation, smallrye-jwt, vertx]
2024-10-11 18:34:36,091 andrea-thecoder /home/andrea-thecoder/.sdkman/candidates/java/21.0.4-tem/bin/java[46187] INFO  [io.qua.dep.dev.RuntimeUpdatesProcessor] (vert.x-worker-thread-3) Live reload total time: 0.710s 
2024-10-11 18:52:56,522 andrea-thecoder /home/andrea-thecoder/.sdkman/candidates/java/21.0.4-tem/bin/java[46187] WARNING [org.aes.rea.tty.ter.TerminalConnection] (Aesh InputStream Reader) Failed to write out.: java.io.IOException: Input/output error
	at java.base/java.io.FileOutputStream.writeBytes(Native Method)
	at java.base/java.io.FileOutputStream.write(FileOutputStream.java:346)
	at org.aesh.readline.tty.terminal.TerminalConnection.write(TerminalConnection.java:270)
	at org.aesh.terminal.io.Encoder.accept(Encoder.java:52)
	at org.aesh.terminal.io.Encoder.accept(Encoder.java:31)
	at org.aesh.terminal.Connection.write(Connection.java:147)
	at io.quarkus.deployment.console.AeshConsole.deadlockSafeWrite(AeshConsole.java:194)
	at io.quarkus.deployment.console.AeshConsole.write(AeshConsole.java:482)
	at io.quarkus.deployment.console.AeshConsole.write(AeshConsole.java:486)
	at io.quarkus.dev.console.RedirectPrintStream.write(RedirectPrintStream.java:20)
	at org.jboss.logmanager.handlers.UncloseableOutputStream.write(UncloseableOutputStream.java:44)
	at org.jboss.logmanager.handlers.UncloseableOutputStream.write(UncloseableOutputStream.java:44)
	at org.jboss.logmanager.handlers.UninterruptibleOutputStream.write(UninterruptibleOutputStream.java:86)
	at java.base/sun.nio.cs.StreamEncoder.writeBytes(StreamEncoder.java:309)
	at java.base/sun.nio.cs.StreamEncoder.implFlushBuffer(StreamEncoder.java:405)
	at java.base/sun.nio.cs.StreamEncoder.implFlush(StreamEncoder.java:410)
	at java.base/sun.nio.cs.StreamEncoder.lockedFlush(StreamEncoder.java:214)
	at java.base/sun.nio.cs.StreamEncoder.flush(StreamEncoder.java:201)
	at java.base/java.io.OutputStreamWriter.flush(OutputStreamWriter.java:262)
	at java.base/java.io.BufferedWriter.implFlush(BufferedWriter.java:372)
	at java.base/java.io.BufferedWriter.flush(BufferedWriter.java:359)
	at org.jboss.logmanager.handlers.WriterHandler.safeFlush(WriterHandler.java:254)
	at org.jboss.logmanager.handlers.WriterHandler.flush(WriterHandler.java:218)
	at org.jboss.logmanager.ExtHandler.doPublish(ExtHandler.java:157)
	at org.jboss.logmanager.handlers.WriterHandler.doPublish(WriterHandler.java:74)
	at org.jboss.logmanager.ExtHandler.publish(ExtHandler.java:88)
	at io.quarkus.deployment.logging.LoggingResourceProcessor$2.accept(LoggingResourceProcessor.java:471)
	at io.quarkus.deployment.logging.LoggingResourceProcessor$2.accept(LoggingResourceProcessor.java:406)
	at io.quarkus.runtime.logging.LoggingSetupRecorder$7.publish(LoggingSetupRecorder.java:570)
	at org.jboss.logmanager.ExtHandler.publishToNestedHandlers(ExtHandler.java:138)
	at io.quarkus.bootstrap.logging.QuarkusDelayedHandler.doPublish(QuarkusDelayedHandler.java:81)
	at org.jboss.logmanager.ExtHandler.publish(ExtHandler.java:88)
	at org.jboss.logmanager.LoggerNode.publish(LoggerNode.java:438)
	at org.jboss.logmanager.LoggerNode.publish(LoggerNode.java:480)
	at org.jboss.logmanager.LoggerNode.publish(LoggerNode.java:480)
	at org.jboss.logmanager.LoggerNode.publish(LoggerNode.java:480)
	at org.jboss.logmanager.LoggerNode.publish(LoggerNode.java:480)
	at org.jboss.logmanager.LoggerNode.publish(LoggerNode.java:480)
	at org.jboss.logmanager.LoggerNode.publish(LoggerNode.java:480)
	at org.jboss.logmanager.Logger.logRaw(Logger.java:1089)
	at org.jboss.logmanager.Logger.log(Logger.java:784)
	at org.aesh.readline.tty.terminal.TerminalConnection.openBlocking(TerminalConnection.java:235)
	at org.aesh.readline.tty.terminal.TerminalConnection.openBlocking(TerminalConnection.java:203)
	at java.base/java.util.concurrent.ThreadPoolExecutor.runWorker(ThreadPoolExecutor.java:1144)
	at java.base/java.util.concurrent.ThreadPoolExecutor$Worker.run(ThreadPoolExecutor.java:642)
	at java.base/java.lang.Thread.run(Thread.java:1583)

2024-10-11 18:52:56,521 andrea-thecoder /home/andrea-thecoder/.sdkman/candidates/java/21.0.4-tem/bin/java[46187] WARNING [org.aes.rea.tty.ter.TerminalConnection] (Aesh InputStream Reader) Failed while reading, exiting: java.io.IOException: Input/output error
	at java.base/java.io.FileInputStream.readBytes(Native Method)
	at java.base/java.io.FileInputStream.read(FileInputStream.java:263)
	at org.aesh.readline.tty.terminal.TerminalConnection.openBlocking(TerminalConnection.java:214)
	at org.aesh.readline.tty.terminal.TerminalConnection.openBlocking(TerminalConnection.java:203)
	at java.base/java.util.concurrent.ThreadPoolExecutor.runWorker(ThreadPoolExecutor.java:1144)
	at java.base/java.util.concurrent.ThreadPoolExecutor$Worker.run(ThreadPoolExecutor.java:642)
	at java.base/java.lang.Thread.run(Thread.java:1583)

2024-10-11 18:52:56,531 andrea-thecoder /home/andrea-thecoder/.sdkman/candidates/java/21.0.4-tem/bin/java[46187] WARNING [org.aes.rea.tty.ter.TerminalConnection] (Quarkus Main Thread) Failed to write out.: java.io.IOException: Input/output error
	at java.base/java.io.FileOutputStream.writeBytes(Native Method)
	at java.base/java.io.FileOutputStream.write(FileOutputStream.java:346)
	at org.aesh.readline.tty.terminal.TerminalConnection.write(TerminalConnection.java:270)
	at org.aesh.terminal.io.Encoder.accept(Encoder.java:52)
	at org.aesh.terminal.io.Encoder.accept(Encoder.java:31)
	at org.aesh.terminal.Connection.write(Connection.java:147)
	at io.quarkus.deployment.console.AeshConsole.deadlockSafeWrite(AeshConsole.java:194)
	at io.quarkus.deployment.console.AeshConsole.write(AeshConsole.java:482)
	at io.quarkus.deployment.console.AeshConsole.write(AeshConsole.java:486)
	at io.quarkus.dev.console.RedirectPrintStream.write(RedirectPrintStream.java:20)
	at org.jboss.logmanager.handlers.UncloseableOutputStream.write(UncloseableOutputStream.java:44)
	at org.jboss.logmanager.handlers.UncloseableOutputStream.write(UncloseableOutputStream.java:44)
	at org.jboss.logmanager.handlers.UninterruptibleOutputStream.write(UninterruptibleOutputStream.java:86)
	at java.base/sun.nio.cs.StreamEncoder.writeBytes(StreamEncoder.java:309)
	at java.base/sun.nio.cs.StreamEncoder.implFlushBuffer(StreamEncoder.java:405)
	at java.base/sun.nio.cs.StreamEncoder.implFlush(StreamEncoder.java:410)
	at java.base/sun.nio.cs.StreamEncoder.lockedFlush(StreamEncoder.java:214)
	at java.base/sun.nio.cs.StreamEncoder.flush(StreamEncoder.java:201)
	at java.base/java.io.OutputStreamWriter.flush(OutputStreamWriter.java:262)
	at java.base/java.io.BufferedWriter.implFlush(BufferedWriter.java:372)
	at java.base/java.io.BufferedWriter.flush(BufferedWriter.java:359)
	at org.jboss.logmanager.handlers.WriterHandler.safeFlush(WriterHandler.java:254)
	at org.jboss.logmanager.handlers.WriterHandler.flush(WriterHandler.java:218)
	at org.jboss.logmanager.ExtHandler.doPublish(ExtHandler.java:157)
	at org.jboss.logmanager.handlers.WriterHandler.doPublish(WriterHandler.java:74)
	at org.jboss.logmanager.ExtHandler.publish(ExtHandler.java:88)
	at io.quarkus.deployment.logging.LoggingResourceProcessor$2.accept(LoggingResourceProcessor.java:471)
	at io.quarkus.deployment.logging.LoggingResourceProcessor$2.accept(LoggingResourceProcessor.java:406)
	at io.quarkus.runtime.logging.LoggingSetupRecorder$7.publish(LoggingSetupRecorder.java:570)
	at org.jboss.logmanager.ExtHandler.publishToNestedHandlers(ExtHandler.java:138)
	at io.quarkus.bootstrap.logging.QuarkusDelayedHandler.doPublish(QuarkusDelayedHandler.java:81)
	at org.jboss.logmanager.ExtHandler.publish(ExtHandler.java:88)
	at org.jboss.logmanager.LoggerNode.publish(LoggerNode.java:438)
	at org.jboss.logmanager.LoggerNode.publish(LoggerNode.java:480)
	at org.jboss.logmanager.LoggerNode.publish(LoggerNode.java:480)
	at org.jboss.logmanager.Logger.logRaw(Logger.java:1089)
	at org.jboss.logmanager.Logger.log(Logger.java:1052)
	at org.jboss.logging.JBossLogManagerLogger.doLogf(JBossLogManagerLogger.java:56)
	at org.jboss.logging.Logger.infof(Logger.java:1165)
	at io.quarkus.bootstrap.runner.Timing.printStopTime(Timing.java:124)
	at io.quarkus.runtime.Application.stop(Application.java:225)
	at io.quarkus.runtime.Application.stop(Application.java:155)
	at io.quarkus.runtime.ApplicationLifecycleManager.run(ApplicationLifecycleManager.java:235)
	at io.quarkus.runtime.Quarkus.run(Quarkus.java:71)
	at io.quarkus.runtime.Quarkus.run(Quarkus.java:44)
	at io.quarkus.runtime.Quarkus.run(Quarkus.java:124)
	at io.quarkus.runner.GeneratedMain.main(Unknown Source)
	at java.base/jdk.internal.reflect.DirectMethodHandleAccessor.invoke(DirectMethodHandleAccessor.java:103)
	at java.base/java.lang.reflect.Method.invoke(Method.java:580)
	at io.quarkus.runner.bootstrap.StartupActionImpl$1.run(StartupActionImpl.java:116)
	at java.base/java.lang.Thread.run(Thread.java:1583)

2024-10-11 18:52:56,531 andrea-thecoder /home/andrea-thecoder/.sdkman/candidates/java/21.0.4-tem/bin/java[46187] INFO  [io.quarkus] (Quarkus Main Thread) code-with-quarkus stopped in 0.005s
